<?xml version="1.0" encoding="UTF-8"?>
<testng-results ignored="0" total="1" passed="1" failed="0" skipped="0">
  <reporter-output>
  </reporter-output>
  <suite started-at="2023-05-16T23:04:40Z" name="Default suite" finished-at="2023-05-16T23:04:48Z" duration-ms="7647">
    <groups>
    </groups>
    <test started-at="2023-05-16T23:04:40Z" name="Default test" finished-at="2023-05-16T23:04:48Z" duration-ms="7647">
      <class name="MobileAutomation.Appium.guru99_Day1">
        <test-method is-config="true" signature="configureAppium()[pri:0, instance:MobileAutomation.Appium.guru99_Day1@7e5c856f]" started-at="2023-05-16T23:04:40Z" name="configureAppium" finished-at="2023-05-16T23:04:48Z" duration-ms="7625" status="PASS">
          <reporter-output>
          </reporter-output>
        </test-method> <!-- configureAppium -->
        <test-method signature="startApp()[pri:0, instance:MobileAutomation.Appium.guru99_Day1@7e5c856f]" started-at="2023-05-16T23:04:48Z" name="startApp" finished-at="2023-05-16T23:04:48Z" duration-ms="5" status="PASS">
          <reporter-output>
          </reporter-output>
        </test-method> <!-- startApp -->
      </class> <!-- MobileAutomation.Appium.guru99_Day1 -->
    </test> <!-- Default test -->
  </suite> <!-- Default suite -->
</testng-results>
